PersistentCookieJar/build/outputs/logs/manifest-merger-debug-report.txt
-- Merging decision tree log ---
manifest
ADDED from ZNTSpeaker\PersistentCookieJar\AndroidManifest.xml:1:1-6:12
INJECTED from ZNTSpeaker\PersistentCookieJar\AndroidManifest.xml:1:1-6:12
INJECTED from ZNTSpeaker\PersistentCookieJar\AndroidManifest.xml:1:1-6:12
	package
		ADDED from ZNTSpeaker\PersistentCookieJar\AndroidManifest.xml:2:5-50
		INJECTED from ZNTSpeaker\PersistentCookieJar\AndroidManifest.xml
		INJECTED from ZNTSpeaker\PersistentCookieJar\AndroidManifest.xml
application
ADDED from ZNTSpeaker\PersistentCookieJar\AndroidManifest.xml:4:5-19